[debug] [2023-02-20T03:48:08.596Z] ----------------------------------------------------------------------
[debug] [2023-02-20T03:48:08.600Z] Command:       C:\Program Files\nodejs\node.exe C:\Users\Julian\AppData\Roaming\npm\node_modules\firebase-tools\lib\bin\firebase.js init
[debug] [2023-02-20T03:48:08.601Z] CLI Version:   11.23.1
[debug] [2023-02-20T03:48:08.601Z] Platform:      win32
[debug] [2023-02-20T03:48:08.601Z] Node Version:  v16.17.0
[debug] [2023-02-20T03:48:08.604Z] Time:          Mon Feb 20 2023 00:48:08 GMT-0300 (hora estándar de Argentina)
[debug] [2023-02-20T03:48:08.604Z] ----------------------------------------------------------------------
[debug] 
[debug] [2023-02-20T03:48:08.618Z] > command requires scopes: ["email","openid","https://www.googleapis.com/auth/cloudplatformprojects.readonly","https://www.googleapis.com/auth/firebase","https://www.googleapis.com/auth/cloud-platform"]
[debug] [2023-02-20T03:48:08.619Z] > authorizing via signed-in user (juligan@gmail.com)
[info] 
     ######## #### ########  ######## ########     ###     ######  ########
     ##        ##  ##     ## ##       ##     ##  ##   ##  ##       ##
     ######    ##  ########  ######   ########  #########  ######  ######
     ##        ##  ##    ##  ##       ##     ## ##     ##       ## ##
     ##       #### ##     ## ######## ########  ##     ##  ######  ########

You're about to initialize a Firebase project in this directory:

  C:\Users\Julian\Desktop\Proyecto Portfolio\miportfolioangular

[info] 
=== Project Setup
[info] 
[info] First, let's associate this project directory with a Firebase project.
[info] You can create multiple project aliases by running firebase use --add, 
[info] but for now we'll just set up a default project.
[info] 
[debug] [2023-02-20T03:51:01.347Z] >>> [apiv2][query] GET https://firebase.googleapis.com/v1beta1/projects pageSize=100
[debug] [2023-02-20T03:51:02.027Z] <<< [apiv2][status] GET https://firebase.googleapis.com/v1beta1/projects 200
[debug] [2023-02-20T03:51:02.027Z] <<< [apiv2][body] GET https://firebase.googleapis.com/v1beta1/projects [omitted]
[info] i  Using project portfolio-frontend-julian (Portfolio-frontend-Julian) 
[info] 
=== Hosting Setup
[info] 
[info] Your public directory is the folder (relative to your project directory) that
[info] will contain Hosting assets to be uploaded with firebase deploy. If you
[info] have a build process for your assets, use your build's output directory.
[info] 
